  源.cpp
D:\AAAAA_VS_files\.vscode\Project1\源.cpp(1,5): error C2143: 语法错误: 缺少“;”(在“常数”的前面)
D:\AAAAA_VS_files\.vscode\Project1\源.cpp(1,1): error C4430: 缺少类型说明符 - 假定为 int。注意: C++ 不支持默认 int
D:\AAAAA_VS_files\.vscode\Project1\源.cpp(1,5): error C2059: 语法错误:“常数”
D:\AAAAA_VS_files\.vscode\Project1\源.cpp(2,5): error C2014: 预处理器命令必须作为第一个非空白空间启动
D:\AAAAA_VS_files\.vscode\Project1\源.cpp(6,1): error C2059: 语法错误:“?”
D:\AAAAA_VS_files\.vscode\Project1\源.cpp(7,46): error C3927: "->": 非函数声明符后不允许尾随返回类型
D:\AAAAA_VS_files\.vscode\Project1\源.cpp(7,54): error C3484: 语法错误: 返回类型前应为“->”
D:\AAAAA_VS_files\.vscode\Project1\源.cpp(7,55): error C3613: “->”后缺少返回类型(假定为“int”)
D:\AAAAA_VS_files\.vscode\Project1\源.cpp(7,46): error C4430: 缺少类型说明符 - 假定为 int。注意: C++ 不支持默认 int
D:\AAAAA_VS_files\.vscode\Project1\源.cpp(7,55): error C2146: 语法错误: 缺少“;”(在标识符“h”的前面)
D:\AAAAA_VS_files\.vscode\Project1\源.cpp(11,2): error C3873: “0x201c”: 不允许将此字符作为标识符的第一个字符
D:\AAAAA_VS_files\.vscode\Project1\源.cpp(11,2): error C4430: 缺少类型说明符 - 假定为 int。注意: C++ 不支持默认 int
D:\AAAAA_VS_files\.vscode\Project1\源.cpp(11,10): error C2059: 语法错误:“:”
D:\AAAAA_VS_files\.vscode\Project1\源.cpp(11,17): error C2017: 非法的转义序列
D:\AAAAA_VS_files\.vscode\Project1\源.cpp(11,12): error C4430: 缺少类型说明符 - 假定为 int。注意: C++ 不支持默认 int
D:\AAAAA_VS_files\.vscode\Project1\源.cpp(11,18): error C2146: 语法错误: 缺少“;”(在标识符“nTo”的前面)
D:\AAAAA_VS_files\.vscode\Project1\源.cpp(11,39): error C2017: 非法的转义序列
D:\AAAAA_VS_files\.vscode\Project1\源.cpp(11,24): error C4430: 缺少类型说明符 - 假定为 int。注意: C++ 不支持默认 int
D:\AAAAA_VS_files\.vscode\Project1\源.cpp(11,31): error C2146: 语法错误: 缺少“;”(在标识符“Reindeer”的前面)
D:\AAAAA_VS_files\.vscode\Project1\源.cpp(11,45): error C3873: “0x201d”: 不允许将此字符作为标识符的第一个字符
D:\AAAAA_VS_files\.vscode\Project1\源.cpp(20,10): error C1083: 无法打开包括文件: “Message.h”: No such file or directory
